<?xml version="1.0" encoding="UTF-8"?>
<!-- Generated by org.testng.reporters.JUnitReportReporter -->
<testsuite hostname="onlinecomp-PC" failures="0" tests="1" name="test_aspire.Aspire_inventory" time="20.539" errors="0" timestamp="2022-02-15T23:13:07 IST" skipped="0">
  <testcase classname="test_aspire.Aspire_inventory" name="Aspire_inventry_test" time="20.539"/>
  <system-out>
    <![CDATA[click on products
click on creat
Enter the product name sucessfully
click on update quntity
Taking screenshot for updated qty
update the product quntity sucessfully
click on application icon
nevigate to Manufacturing and click on Manufacturing
click on creat button
sending the oreder name]]>
  </system-out>
</testsuite> <!-- test_aspire.Aspire_inventory -->
